  test.cpp
D:\desktop\桌面\code\c-\平衡二叉树\平衡二叉树\test.cpp(21,12): warning C4244: “参数”: 从“time_t”转换到“unsigned int”，可能丢失数据
C:\Program Files\Microsoft Visual Studio\2022\Community\VC\Tools\MSVC\14.36.32532\include\utility(275,61): warning C4244: “初始化”: 从“_Ty”转换到“_Ty2”，可能丢失数据
          with
          [
              _Ty=unsigned __int64
          ]
          and
          [
              _Ty2=int
          ]
D:\desktop\桌面\code\c-\平衡二叉树\平衡二叉树\test.cpp(25,27): message : 查看对正在编译的函数 模板 实例化“std::pair<k,v>::pair<int,unsigned __int64,0>(std::pair<int,unsigned __int64> &&) noexcept”的引用
          with
          [
              k=int,
              v=int
          ]
D:\desktop\桌面\code\c-\平衡二叉树\平衡二叉树\test.cpp(25,12): message : 请参阅 "test2" 中对 "std::pair<k,v>::pair" 的第一个引用
          with
          [
              k=int,
              v=int
          ]
  平衡二叉树.vcxproj -> D:\desktop\桌面\code\c-\平衡二叉树\x64\Debug\平衡二叉树.exe
